<?xml version="1.0" encoding="UTF-8"?>
<testng-results ignored="0" total="1" passed="1" failed="0" skipped="0">
  <reporter-output>
  </reporter-output>
  <suite started-at="2023-06-30T17:21:17 IST" name="Default suite" finished-at="2023-06-30T17:21:21 IST" duration-ms="3525">
    <groups>
    </groups>
    <test started-at="2023-06-30T17:21:17 IST" name="Default test" finished-at="2023-06-30T17:21:21 IST" duration-ms="3525">
      <class name="practice.Createusertest">
        <test-method signature="CreateUser()[pri:0, instance:practice.Createusertest@378542de]" started-at="2023-06-30T17:21:18 IST" name="CreateUser" finished-at="2023-06-30T17:21:21 IST" duration-ms="3466" status="PASS">
          <reporter-output>
          </reporter-output>
        </test-method> <!-- CreateUser -->
      </class> <!-- practice.Createusertest -->
    </test> <!-- Default test -->
  </suite> <!-- Default suite -->
</testng-results>
